android/app/build/outputs/mapping/release/seeds.txt
com.sudokunative.MainActivity
com.sudokunative.MainApplication: MainApplication()
com.sudokunative.MainApplication
com.sudokunative.MainActivity: MainActivity()
...
okhttp3.CacheControl: boolean immutable()
okhttp3.internal.http2.Http2Connection$Builder: okhttp3.internal.http2.Http2Connection$Builder pingIntervalMillis(int)
com.facebook.react.modules.network.NetworkingModule: boolean access$100(com.facebook.react.modules.network.NetworkingModule)
com.facebook.react.views.drawer.ReactDrawerLayoutManager: com.facebook.react.views.drawer.ReactDrawerLayout createViewInstance(com.facebook.react.uimanager.ThemedReactContext)
com.facebook.react.views.scroll.ReactScrollView: void setScrollEnabled(boolean)
okhttp3.internal.Util: void closeQuietly(java.net.ServerSocket)
androidx.appcompat.widget.LinearLayoutCompat: int getVirtualChildCount()
com.facebook.yoga.YogaNative: int jni_YGNodeStyleGetFlexWrapJNI(long)
com.facebook.fbreact.specs.NativeVibrationSpec: void vibrateByPattern(com.facebook.react.bridge.ReadableArray,double)
okhttp3.ResponseBody$BomAwareReader
okhttp3.internal.http2.Http2Connection: long unacknowledgedBytesRead
okhttp3.internal.http.RealInterceptorChain: okhttp3.Request request
com.facebook.fbreact.specs.NativeAnimatedModuleSpec: void connectAnimatedNodeToView(double,double)
com.facebook.react.bridge.FallbackJSBundleLoader
com.facebook.react.bridge.CatalystInstance: void initialize()
com.horcrux.svg.TextPathView: void setSpacing(java.lang.String)
okhttp3.internal.platform.AndroidPlatform: java.lang.Class sslParametersClass
okhttp3.CipherSuite: okhttp3.CipherSuite TLS_RSA_WITH_AES_128_GCM_SHA256
com.horcrux.svg.SvgViewManager: android.util.SparseArray mTagToRunnable
okhttp3.internal.cache.CacheInterceptor$1: okhttp3.internal.cache.CacheRequest val$cacheRequest
androidx.appcompat.app.AlertController$RecycleListView
com.facebook.react.bridge.JavaMethodWrapper$2: java.lang.Object extractArgument(com.facebook.react.bridge.JSInstance,com.facebook.react.bridge.ReadableArray,int)
com.facebook.react.views.progressbar.ReactProgressBarViewManager: int getStyleFromString(java.lang.String)
okhttp3.internal.http.RetryAndFollowUpInterceptor
com.facebook.react.animated.NativeAnimatedModule: void access$400(com.facebook.react.animated.NativeAnimatedModule,java.util.Queue,long)
androidx.appcompat.widget.SearchView$SavedState: android.os.Parcelable$Creator CREATOR
com.facebook.fbreact.specs.NativePlatformConstantsAndroidSpec
okhttp3.OkHttpClient: java.util.List networkInterceptors()
com.facebook.react.uimanager.ViewGroupManager: void addViews(android.view.ViewGroup,java.util.List)
okhttp3.EventListener: void connectEnd(okhttp3.Call,java.net.InetSocketAddress,java.net.Proxy,okhttp3.Protocol)
okhttp3.OkHttpClient$Builder: okhttp3.Authenticator authenticator
okhttp3.RealCall$1: okhttp3.RealCall this$0
com.facebook.react.views.drawer.ReactDrawerLayoutManager: java.util.Map getExportedCustomDirectEventTypeConstants()
com.facebook.fbreact.specs.NativeJSDevSupportSpec: java.util.Map getTypedExportedConstants()
okhttp3.internal.http2.PushObserver$1: boolean onRequest(int,java.util.List)
com.horcrux.svg.RenderableViewManager: void setClipRule(com.horcrux.svg.VirtualView,int)
com.facebook.jni.DestructorThread$DestructorList
com.facebook.react.bridge.ReactContext$1
com.facebook.react.bridge.ReactMarkerConstants: com.facebook.react.bridge.ReactMarkerConstants loadApplicationScript_startStringConvert
okhttp3.internal.connection.RealConnection: void connectSocket(int,int,okhttp3.Call,okhttp3.EventListener)
androidx.appcompat.widget.Toolbar: void setNavigationOnClickListener(android.view.View$OnClickListener)
com.horcrux.svg.RenderableViewManager$GroupViewManager: void addEventEmitters(com.facebook.react.uimanager.ThemedReactContext,android.view.View)
okhttp3.Response: boolean isSuccessful()
okhttp3.internal.platform.Jdk9Platform: void configureTlsExtensions(javax.net.ssl.SSLSocket,java.lang.String,java.util.List)
okhttp3.HttpUrl$Builder: okhttp3.HttpUrl$Builder addEncodedQueryParameter(java.lang.String,java.lang.String)
okhttp3.internal.ws.WebSocketProtocol: int B0_FLAG_RSV3