android/app/build/outputs/mapping/release/mapping.txt
# compiler: R8
# compiler_version: 2.1.62
# min_api: 21
# pg_map_id: bbb6017
# common_typos_disable
com.sudokunative.MainActivity -> com.sudokunative.MainActivity:
    java.lang.String getMainComponentName() -> D
com.sudokunative.MainApplication -> com.sudokunative.MainApplication:
    com.facebook.react.ReactNativeHost mReactNativeHost -> b
    com.facebook.react.ReactNativeHost getReactNativeHost() -> a
    void initializeFlipper(android.content.Context,com.facebook.react.ReactInstanceManager) -> b
com.sudokunative.MainApplication$1 -> com.sudokunative.MainApplication$a:
    java.lang.String getJSMainModuleName() -> e
    java.util.List getPackages() -> g
    boolean getUseDeveloperSupport() -> k
...
com.facebook.cache.common.CacheEventListener -> c.a.b.a.c:
    void onMiss(com.facebook.cache.common.CacheEvent) -> a
    void onCleared() -> b
    void onWriteException(com.facebook.cache.common.CacheEvent) -> c
    void onHit(com.facebook.cache.common.CacheEvent) -> d
    void onWriteAttempt(com.facebook.cache.common.CacheEvent) -> e
    void onWriteSuccess(com.facebook.cache.common.CacheEvent) -> f
    void onEviction(com.facebook.cache.common.CacheEvent) -> g
    void onReadException(com.facebook.cache.common.CacheEvent) -> h
com.facebook.cache.common.CacheEventListener$EvictionReason -> c.a.b.a.c$a:
    com.facebook.cache.common.CacheEventListener$EvictionReason CACHE_FULL -> b
    com.facebook.cache.common.CacheEventListener$EvictionReason CONTENT_STALE -> c
    com.facebook.cache.common.CacheEventListener$EvictionReason USER_FORCED -> d
    com.facebook.cache.common.CacheEventListener$EvictionReason CACHE_MANAGER_TRIMMED -> e
    com.facebook.cache.common.CacheEventListener$EvictionReason[] $VALUES -> f
com.facebook.cache.common.CacheKey -> c.a.b.a.d:
    boolean containsUri(android.net.Uri) -> a
    java.lang.String getUriString() -> b
com.facebook.cache.common.CacheKeyUtil -> c.a.b.a.e:
    java.lang.String getFirstResourceId(com.facebook.cache.common.CacheKey) -> a
    java.util.List getResourceIds(com.facebook.cache.common.CacheKey) -> b
    java.lang.String secureHashKey(com.facebook.cache.common.CacheKey) -> c
com.facebook.cache.common.MultiCacheKey -> c.a.b.a.f:
    java.util.List mCacheKeys -> a
    boolean containsUri(android.net.Uri) -> a
    java.lang.String getUriString() -> b
    java.util.List getCacheKeys() -> c
com.facebook.cache.common.NoOpCacheErrorLogger -> c.a.b.a.g:
    com.facebook.cache.common.NoOpCacheErrorLogger sInstance -> a
    void logError(com.facebook.cache.common.CacheErrorLogger$CacheErrorCategory,java.lang.Class,java.lang.String,java.lang.Throwable) -> a
    com.facebook.cache.common.NoOpCacheErrorLogger getInstance() -> b
com.facebook.cache.common.NoOpCacheEventListener -> c.a.b.a.h:
    com.facebook.cache.common.NoOpCacheEventListener sInstance -> a
    void onMiss(com.facebook.cache.common.CacheEvent) -> a
    void onCleared() -> b
    void onWriteException(com.facebook.cache.common.CacheEvent) -> c
    void onHit(com.facebook.cache.common.CacheEvent) -> d
    void onWriteAttempt(com.facebook.cache.common.CacheEvent) -> e
    void onWriteSuccess(com.facebook.cache.common.CacheEvent) -> f
    void onEviction(com.facebook.cache.common.CacheEvent) -> g
    void onReadException(com.facebook.cache.common.CacheEvent) -> h
    com.facebook.cache.common.NoOpCacheEventListener getInstance() -> i
com.facebook.cache.common.SimpleCacheKey -> c.a.b.a.i:
    java.lang.String mKey -> a
    boolean containsUri(android.net.Uri) -> a
    java.lang.String getUriString() -> b
com.facebook.cache.common.WriterCallback -> c.a.b.a.j:
    void write(java.io.OutputStream) -> a