android/app/build/outputs/mapping/release/usage.txt
com.sudokunative.R$attr
com.sudokunative.R$integer
com.sudokunative.R$anim
com.sudokunative.R$drawable
com.sudokunative.R$styleable
com.sudokunative.R$mipmap
com.sudokunative.R$color
com.sudokunative.R$bool
com.sudokunative.R$raw
com.sudokunative.R$xml
com.sudokunative.R$id
com.sudokunative.BuildConfig
com.sudokunative.R$string
com.sudokunative.R
com.sudokunative.R$dimen
com.sudokunative.R$style
com.sudokunative.R$layout
com.sudokunative.MainApplication$1:
    final synthetic com.sudokunative.MainApplication this$0
...
kotlin.reflect.KProperty0$Getter
kotlin.text.StringsKt__StringsJVMKt
androidx.appcompat.widget.Toolbar:
    public void <init>(android.content.Context)
    private static boolean isCustomView(android.view.View)
    public void setTitleMargin(int,int,int,int)
    public boolean isTitleTruncated()
    public void inflateMenu(int)
    public void setContentInsetsAbsolute(int,int)
    public void setMenuCallbacks(androidx.appcompat.view.menu.MenuPresenter$Callback,androidx.appcompat.view.menu.MenuBuilder$Callback)
    private static final java.lang.String TAG
com.facebook.react.views.text.ReactTypefaceUtils:
    public void <init>()
    public static final int UNSET
androidx.asynclayoutinflater.view.AsyncLayoutInflater$InflateThread
androidx.legacy.content.WakefulBroadcastReceiver
com.facebook.imagepipeline.cache.BitmapMemoryCacheTrimStrategy:
    public double getTrimRatio(com.facebook.common.memory.MemoryTrimType)
    private static final java.lang.String TAG
kotlin.jvm.internal.ShortCompanionObject
com.facebook.react.devsupport.DevSettingsActivity
androidx.core.content.pm.PackageInfoCompat
com.reactnativecommunity.webview.R$style
com.facebook.infer.annotation.TrueOnNull
com.facebook.imagepipeline.request.HasImageRequest
androidx.lifecycle.LiveData$AlwaysActiveObserver
androidx.core.app.ActivityManagerCompat
com.facebook.imagepipeline.memory.Bucket:
    public int getInUseCount()
    private static final java.lang.String TAG
com.horcrux.svg.R$style
androidx.swiperefreshlayout.widget.CircularProgressDrawable$ProgressDrawableSize
com.facebook.react.devsupport.DevSupportManagerBase$ExceptionLogger
androidx.appcompat.app.ActionBarDrawerToggle$DelegateProvider
kotlin.coroutines.experimental.CoroutineContext$Element
androidx.core.text.TextDirectionHeuristicsCompat$TextDirectionHeuristicLocale
kotlin.collections.GroupingKt__GroupingJVMKt
androidx.appcompat.widget.AppCompatHintHelper:
    private void <init>()
com.facebook.react.views.drawer.events.DrawerClosedEvent:
    public static final java.lang.String EVENT_NAME
com.facebook.react.devsupport.DevSupportManagerBase$CallbackWithBundleLoader
com.facebook.react.devsupport.DevSupportManagerBase$32
kotlin.collections.ArraysKt___ArraysKt$asIterable$$inlined$Iterable$4
com.facebook.imagepipeline.decoder.ImageDecoderConfig$1
com.facebook.imagepipeline.cache.CountingLruMap:
    synchronized java.util.ArrayList getKeys()
    synchronized java.util.ArrayList getValues()
    public synchronized boolean contains(java.lang.Object)
    public synchronized java.util.ArrayList clear()
com.facebook.infer.annotation.Present
kotlin.coroutines.experimental.CombinedContext$toString$1
kotlin.coroutines.experimental.SafeContinuation
com.facebook.react.R
com.facebook.react.devsupport.DevServerHelper$9
com.facebook.drawee.backends.pipeline.R$attr
org.intellij.lang.annotations.Identifier
com.facebook.drawee.backends.pipeline.BuildConfig
androidx.coordinatorlayout.widget.CoordinatorLayout$1
androidx.core.app.NotificationCompat$CarExtender$UnreadConversation
kotlin.ranges.ULongProgression
androidx.customview.R$id
com.facebook.imagepipeline.nativecode.NativeFiltersLoader:
    public void <init>()
androidx.core.view.ViewCompat$FocusRelativeDirection
kotlin.reflect.KProperty$DefaultImpls
kotlin.collections.RingBuffer$iterator$1
com.facebook.cache.common.BaseCacheEventListener
kotlin.collections.ArraysKt___ArraysKt$withIndex$1
com.facebook.imagepipeline.core.ImagePipelineConfig:
    static void resetDefaultRequestConfig()
    public com.facebook.imagepipeline.bitmaps.PlatformBitmapFactory getPlatformBitmapFactory()
kotlin.jvm.functions.Function13
kotlin.jvm.internal.CharCompanionObject
kotlin.text.DelimitedRangesSequence
javax.annotation.Nullable
kotlin.collections.ArraysKt___ArraysKt$asSequence$$inlined$Sequence$7
javax.annotation.CheckForSigned
kotlin.sequences.SequencesKt___SequencesKt$distinct$1
kotlin.text.CharsKt__CharJVMKt
com.facebook.common.executors.HandlerExecutorServiceImpl:
    public void quit()